01-26 22:54:52 com_github_MitjaNemec_ReplicateLayout.action_replicate_layout 303:Plugin executed on: 'darwin'
01-26 22:54:52 com_github_MitjaNemec_ReplicateLayout.action_replicate_layout 304:Plugin executed with python version: '3.8.2 (v3.8.2:7b3ab5921f, Feb 24 2020, 17:52:18) \n[Clang 6.0 (clang-600.0.57)]'
01-26 22:54:52 com_github_MitjaNemec_ReplicateLayout.action_replicate_layout 305:KiCad build version: (6.0.4-0)
01-26 22:54:52 com_github_MitjaNemec_ReplicateLayout.action_replicate_layout 306:Plugin version: 1.2.1
01-26 22:54:52 com_github_MitjaNemec_ReplicateLayout.action_replicate_layout 307:Frame repr: <wx._core.Frame object at 0x7f9cf875c1f0>
01-26 22:54:52 com_github_MitjaNemec_ReplicateLayout.action_replicate_layout 331:Preparing replicator with R1 as a reference
01-26 22:54:52 com_github_MitjaNemec_ReplicateLayout.replicate_layout 106:getting a list of all footprints on board
01-26 22:54:52 com_github_MitjaNemec_ReplicateLayout.action_replicate_layout 359:source anchor footprint is 'R1'
Located on: ['halfbridge1']
With filenames: ['halfbridge.kicad_sch']
With sheet_id:['halfbridge1']
01-26 22:54:52 com_github_MitjaNemec_ReplicateLayout.action_replicate_layout 366:Corresponding footprints are 
[('R101', ['halfbridge2']), ('R1', ['halfbridge1'])]
01-26 22:54:52 com_github_MitjaNemec_ReplicateLayout.action_replicate_layout 378:Showing dialog
01-26 22:54:52 com_github_MitjaNemec_ReplicateLayout.replicate_layout 344:constructing a list of sheets suitable for replication on level:'halfbridge1', file:'halfbridge.kicad_sch'
01-26 22:54:52 com_github_MitjaNemec_ReplicateLayout.replicate_layout 381:suitable sheets are:[['halfbridge2']]
01-26 22:54:52 com_github_MitjaNemec_ReplicateLayout.replicate_layout 1112:Level selected: ['halfbridge1']
01-26 22:54:52 com_github_MitjaNemec_ReplicateLayout.action_replicate_layout 384:Toolbar position: wx.Point(1358, 87)
01-26 22:54:52 com_github_MitjaNemec_ReplicateLayout.action_replicate_layout 390:Dialog position: wx.Point(994, 87)
01-26 22:54:59 com_github_MitjaNemec_ReplicateLayout.replicate_layout 344:constructing a list of sheets suitable for replication on level:'halfbridge1', file:'halfbridge.kicad_sch'
01-26 22:54:59 com_github_MitjaNemec_ReplicateLayout.replicate_layout 381:suitable sheets are:[['halfbridge2']]
01-26 22:54:59 com_github_MitjaNemec_ReplicateLayout.replicate_layout 1112:Level selected: ['halfbridge1']
01-26 22:55:01 com_github_MitjaNemec_ReplicateLayout.replicate_layout 344:constructing a list of sheets suitable for replication on level:'halfbridge1', file:'halfbridge.kicad_sch'
01-26 22:55:01 com_github_MitjaNemec_ReplicateLayout.replicate_layout 381:suitable sheets are:[['halfbridge2']]
01-26 22:55:01 com_github_MitjaNemec_ReplicateLayout.action_replicate_layout 157:Replicating layout
01-26 22:55:01 com_github_MitjaNemec_ReplicateLayout.replicate_layout 154:Starting replication of sheets: [['halfbridge2']]
on level: ['halfbridge1']
with tracks=True, zone=True, text=True, text=True, containing=False, remove=True, locked footprints=False, by_group=False
01-26 22:55:01 root 243:updating GUI message: 'Preparing for replication'
01-26 22:55:01 root 248:updating GUI with: 0
01-26 22:55:01 com_github_MitjaNemec_ReplicateLayout.replicate_layout 224:Getting the list of source footprints
01-26 22:55:01 root 248:updating GUI with: 0
01-26 22:55:01 com_github_MitjaNemec_ReplicateLayout.replicate_layout 239:Getting the list of all the remaining footprints
01-26 22:55:01 com_github_MitjaNemec_ReplicateLayout.replicate_layout 244:Getting nets local to source footprints
01-26 22:55:01 com_github_MitjaNemec_ReplicateLayout.replicate_layout 247:Getting source bounding box
01-26 22:55:01 com_github_MitjaNemec_ReplicateLayout.replicate_layout 251:Getting source tracks
01-26 22:55:01 com_github_MitjaNemec_ReplicateLayout.replicate_layout 266:Getting source zones
01-26 22:55:01 com_github_MitjaNemec_ReplicateLayout.replicate_layout 275:Getting source text items
01-26 22:55:01 com_github_MitjaNemec_ReplicateLayout.replicate_layout 284:Getting source drawing items
01-26 22:55:01 com_github_MitjaNemec_ReplicateLayout.replicate_layout 186:Removing tracks and zones, before footprint placement
01-26 22:55:01 root 243:updating GUI message: 'Removing zones and tracks'
01-26 22:55:01 com_github_MitjaNemec_ReplicateLayout.replicate_layout 1086:Remove bounding box top:75265000, bottom:96655000, Left:60125000, Right:98875000
01-26 22:55:01 root 243:updating GUI message: 'Replicating footprints'
01-26 22:55:01 root 248:updating GUI with: 0
01-26 22:55:01 com_github_MitjaNemec_ReplicateLayout.replicate_layout 678:Replicating footprints
01-26 22:55:01 com_github_MitjaNemec_ReplicateLayout.replicate_layout 684:Replicating footprints on sheet ['halfbridge2']
01-26 22:55:01 com_github_MitjaNemec_ReplicateLayout.replicate_layout 194:Removing tracks and zones, after footprint placement
01-26 22:55:01 root 243:updating GUI message: 'Removing zones and tracks'
01-26 22:55:01 root 248:updating GUI with: 0
01-26 22:55:01 com_github_MitjaNemec_ReplicateLayout.replicate_layout 1086:Remove bounding box top:75265000, bottom:96655000, Left:60125000, Right:98875000
01-26 22:55:01 root 243:updating GUI message: 'Replicating tracks'
01-26 22:55:01 com_github_MitjaNemec_ReplicateLayout.replicate_layout 844:Replicating tracks
01-26 22:55:01 com_github_MitjaNemec_ReplicateLayout.replicate_layout 850:Replicating tracks on sheet ['halfbridge2']
01-26 22:55:01 root 243:updating GUI message: 'Replicating zones'
01-26 22:55:01 root 248:updating GUI with: 0
01-26 22:55:01 com_github_MitjaNemec_ReplicateLayout.replicate_layout 909:Replicating zones
01-26 22:55:01 com_github_MitjaNemec_ReplicateLayout.replicate_layout 916:Replicating zones on sheet ['halfbridge2']
01-26 22:55:01 root 243:updating GUI message: 'Replicating text'
01-26 22:55:01 com_github_MitjaNemec_ReplicateLayout.replicate_layout 985:Replicating text
01-26 22:55:01 com_github_MitjaNemec_ReplicateLayout.replicate_layout 992:Replicating text on sheet ['halfbridge2']
01-26 22:55:01 root 243:updating GUI message: 'Replicating drawings'
01-26 22:55:01 com_github_MitjaNemec_ReplicateLayout.replicate_layout 1032:Replicating drawings
01-26 22:55:01 com_github_MitjaNemec_ReplicateLayout.replicate_layout 1038:Replicating drawings on sheet ['halfbridge2']
01-26 22:55:01 com_github_MitjaNemec_ReplicateLayout.action_replicate_layout 177:Replication complete
